<?xml version="1.0" encoding="UTF-8"?>
<!-- Generated by org.testng.reporters.JUnitReportReporter -->
<testsuite hostname="DESKTOP-493EAAE" failures="0" tests="1" name="tests.Test02_POST" time="2.583" errors="0" timestamp="2022-03-15T08:32:20 IST" skipped="0">
  <testcase classname="tests.Test02_POST" name="test01_post" time="2.583"/>
  <system-out/>
</testsuite> <!-- tests.Test02_POST -->
