<?xml version="1.0" encoding="UTF-8"?>
<!-- Generated by org.testng.reporters.JUnitReportReporter -->
<testsuite hostname="IN-122P5Y2" failures="0" tests="3" name="tests.Test01_GET" time="5.277" errors="0" timestamp="2022-03-16T16:43:15 IST" skipped="0">
  <testcase classname="tests.Test01_GET" name="test01" time="3.010"/>
  <system-out/>
  <testcase classname="tests.Test01_GET" name="test02" time="0.530"/>
  <system-out/>
  <testcase classname="tests.Test01_GET" name="test03" time="1.737"/>
  <system-out/>
</testsuite> <!-- tests.Test01_GET -->
