<?xml version="1.0" encoding="UTF-8"?>
<!-- Generated by org.testng.reporters.JUnitReportReporter -->
<testsuite hostname="IN-122P5Y2" failures="0" tests="1" name="tests.Test02_Get" time="1.785" errors="0" timestamp="2022-03-16T16:43:15 IST" skipped="0">
  <testcase classname="tests.Test02_Get" name="test_01" time="1.785"/>
  <system-out/>
</testsuite> <!-- tests.Test02_Get -->
