<?xml version="1.0" encoding="UTF-8"?>
<!-- Generated by org.testng.reporters.JUnitReportReporter -->
<testsuite hostname="DESKTOP-493EAAE" failures="0" tests="1" name="tests.Test01_GET" time="2.451" errors="0" timestamp="2022-03-16T21:27:10 IST" skipped="0">
  <testcase classname="tests.Test01_GET" name="test01" time="2.451"/>
  <system-out/>
</testsuite> <!-- tests.Test01_GET -->
