<?xml version="1.0" encoding="UTF-8"?>
<!-- Generated by org.testng.reporters.JUnitReportReporter -->
<testsuite hostname="IN-122P5Y2" failures="0" tests="1" name="tests.Test02_POST" time="3.094" errors="0" timestamp="2022-03-14T21:59:04 IST" skipped="0">
  <testcase classname="tests.Test02_POST" name="test01_post" time="3.094"/>
  <system-out/>
</testsuite> <!-- tests.Test02_POST -->
