<?xml version="1.0" encoding="UTF-8"?>
<!-- Generated by org.testng.reporters.JUnitReportReporter -->
<testsuite hostname="DESKTOP-493EAAE" failures="0" tests="3" name="tests.Test01_GET" time="5.142" errors="0" timestamp="2022-03-12T14:05:28 IST" skipped="0">
  <testcase classname="tests.Test01_GET" name="test03" time="1.844"/>
  <system-out/>
  <testcase classname="tests.Test01_GET" name="test01" time="2.633"/>
  <system-out/>
  <testcase classname="tests.Test01_GET" name="test02" time="0.665"/>
  <system-out/>
</testsuite> <!-- tests.Test01_GET -->
