<?xml version="1.0" encoding="UTF-8"?>
<!-- Generated by org.testng.reporters.JUnitReportReporter -->
<testsuite hostname="DESKTOP-GN8H4QN" failures="0" tests="1" name="tests.Test04_POST" time="2.459" errors="0" timestamp="2022-04-15T00:02:44 IST" skipped="0">
  <testcase classname="tests.Test04_POST" name="Test04" time="2.459"/>
  <system-out/>
</testsuite> <!-- tests.Test04_POST -->
