<?xml version="1.0" encoding="UTF-8"?>
<!-- Generated by org.testng.reporters.JUnitReportReporter -->
<testsuite hostname="IN-122P5Y2" failures="0" tests="1" name="tests.Test02_POST" time="2.050" errors="0" timestamp="2022-03-18T10:33:47 IST" skipped="0">
  <testcase classname="tests.Test02_POST" name="test04_patch" time="2.050"/>
  <system-out/>
</testsuite> <!-- tests.Test02_POST -->
