<?xml version="1.0" encoding="UTF-8"?>
<!-- Generated by org.testng.reporters.JUnitReportReporter -->
<testsuite hostname="DESKTOP-GN8H4QN" failures="0" tests="4" name="tests.Test02_POST" time="2.484" errors="0" timestamp="2022-04-11T21:13:51 IST" skipped="0">
  <testcase classname="tests.Test02_POST" name="test02_put" time="0.581"/>
  <system-out/>
  <testcase classname="tests.Test02_POST" name="test01_post" time="0.727"/>
  <system-out/>
  <testcase classname="tests.Test02_POST" name="test04_patch" time="0.578"/>
  <system-out/>
  <testcase classname="tests.Test02_POST" name="test03_patch" time="0.598"/>
  <system-out/>
</testsuite> <!-- tests.Test02_POST -->
