<?xml version="1.0" encoding="UTF-8"?>
<!-- Generated by org.testng.reporters.JUnitReportReporter -->
<testsuite hostname="DESKTOP-GN8H4QN" failures="0" tests="1" name="tests.Test03_GET" time="2.064" errors="0" timestamp="2022-04-15T00:49:44 IST" skipped="0">
  <testcase classname="tests.Test03_GET" name="Test03" time="2.064"/>
  <system-out/>
</testsuite> <!-- tests.Test03_GET -->
