<?xml version="1.0" encoding="UTF-8"?>
<!-- Generated by org.testng.reporters.JUnitReportReporter -->
<<<<<<< HEAD
<<<<<<< HEAD
<testsuite hostname="DESKTOP-493EAAE" failures="0" tests="1" name="tests.Test02_Get" time="1.155" errors="0" timestamp="2022-03-15T08:37:11 IST" skipped="0">
  <testcase classname="tests.Test02_Get" name="test_01" time="1.155"/>
=======
<testsuite hostname="IN-122P5Y2" failures="0" tests="1" name="tests.Test02_Get" time="1.154" errors="0" timestamp="2022-03-16T13:04:55 IST" skipped="0">
  <testcase classname="tests.Test02_Get" name="test_01" time="1.154"/>
>>>>>>> ecf88fe52db23be375507939a625a7272a7ffcce
=======
<testsuite hostname="IN-122P5Y2" failures="0" tests="1" name="tests.Test02_Get" time="1.406" errors="0" timestamp="2022-03-16T16:44:03 IST" skipped="0">
  <testcase classname="tests.Test02_Get" name="test_01" time="1.406"/>
>>>>>>> 54cf00c1fc478f4f52970ce30904b7163587f610
  <system-out/>
</testsuite> <!-- tests.Test02_Get -->
