<?xml version="1.0" encoding="UTF-8"?>
<!-- Generated by org.testng.reporters.JUnitReportReporter -->
<testsuite skipped="0" hostname="DESKTOP-GN8H4QN" name="tests.Test02_Get" tests="1" failures="0" timestamp="2022-04-03T01:52:20 IST" time="1.585" errors="0">
  <testcase name="test_01" time="1.585" classname="tests.Test02_Get"/>
  <system-out/>
</testsuite> <!-- tests.Test02_Get -->
