<?xml version="1.0" encoding="UTF-8"?>
<!-- Generated by org.testng.reporters.JUnitReportReporter -->
<testsuite hostname="DESKTOP-493EAAE" failures="0" tests="3" name="tests.Test01_GET" time="9.312" errors="0" timestamp="2022-03-18T10:46:21 IST" skipped="0">
  <testcase classname="tests.Test01_GET" name="test01" time="6.187"/>
  <system-out/>
  <testcase classname="tests.Test01_GET" name="test03" time="2.250"/>
  <system-out/>
  <testcase classname="tests.Test01_GET" name="test02" time="0.875"/>
  <system-out/>
</testsuite> <!-- tests.Test01_GET -->
