<?xml version="1.0" encoding="UTF-8"?>
<!-- Generated by org.testng.reporters.JUnitReportReporter -->
<testsuite hostname="DESKTOP-493EAAE" failures="0" tests="3" name="tests.Test01_GET" time="4.782" errors="0" timestamp="2022-03-13T18:25:13 IST" skipped="0">
  <testcase classname="tests.Test01_GET" name="test02" time="0.334"/>
  <system-out/>
  <testcase classname="tests.Test01_GET" name="test01" time="2.560"/>
  <system-out/>
  <testcase classname="tests.Test01_GET" name="test03" time="1.888"/>
  <system-out/>
</testsuite> <!-- tests.Test01_GET -->
