<?xml version="1.0" encoding="UTF-8"?>
<!-- Generated by org.testng.reporters.JUnitReportReporter -->
<testsuite hostname="DESKTOP-493EAAE" failures="0" tests="1" name="tests.Test02_Get" time="3.335" errors="0" timestamp="2022-03-18T10:46:21 IST" skipped="0">
  <testcase classname="tests.Test02_Get" name="test_01" time="3.335"/>
  <system-out/>
</testsuite> <!-- tests.Test02_Get -->
