<?xml version="1.0" encoding="UTF-8"?>
<!-- Generated by org.testng.reporters.JUnitReportReporter -->
<testsuite hostname="DESKTOP-493EAAE" failures="0" tests="3" name="tests.Test01_GET" time="4.644" errors="0" timestamp="2022-03-15T08:35:43 IST" skipped="0">
  <testcase classname="tests.Test01_GET" name="test01" time="2.040"/>
  <system-out/>
  <testcase classname="tests.Test01_GET" name="test02" time="0.728"/>
  <system-out/>
  <testcase classname="tests.Test01_GET" name="test03" time="1.876"/>
  <system-out/>
</testsuite> <!-- tests.Test01_GET -->
