<?xml version="1.0" encoding="UTF-8"?>
<!-- Generated by org.testng.reporters.JUnitReportReporter -->
<testsuite skipped="0" hostname="DESKTOP-GN8H4QN" name="tests.Test01_GET" tests="3" failures="0" timestamp="2022-04-03T01:52:20 IST" time="5.360" errors="0">
  <testcase name="test03" time="1.521" classname="tests.Test01_GET"/>
  <system-out/>
  <testcase name="test02" time="0.966" classname="tests.Test01_GET"/>
  <system-out/>
  <testcase name="test01" time="2.873" classname="tests.Test01_GET"/>
  <system-out/>
</testsuite> <!-- tests.Test01_GET -->
