<?xml version="1.0" encoding="UTF-8"?>
<!-- Generated by org.testng.reporters.JUnitReportReporter -->
<<<<<<< HEAD
<<<<<<< HEAD
<testsuite hostname="DESKTOP-493EAAE" failures="0" tests="3" name="tests.Test01_GET" time="4.809" errors="0" timestamp="2022-03-15T08:37:11 IST" skipped="0">
  <testcase classname="tests.Test01_GET" name="test01" time="2.108"/>
  <system-out/>
  <testcase classname="tests.Test01_GET" name="test02" time="0.707"/>
  <system-out/>
  <testcase classname="tests.Test01_GET" name="test03" time="1.994"/>
=======
<testsuite hostname="IN-122P5Y2" failures="0" tests="3" name="tests.Test01_GET" time="4.761" errors="0" timestamp="2022-03-16T13:04:55 IST" skipped="0">
  <testcase classname="tests.Test01_GET" name="test02" time="0.436"/>
=======
<testsuite hostname="IN-122P5Y2" failures="0" tests="3" name="tests.Test01_GET" time="5.755" errors="0" timestamp="2022-03-16T16:44:03 IST" skipped="0">
  <testcase classname="tests.Test01_GET" name="test03" time="1.764"/>
>>>>>>> 54cf00c1fc478f4f52970ce30904b7163587f610
  <system-out/>
  <testcase classname="tests.Test01_GET" name="test02" time="0.515"/>
  <system-out/>
<<<<<<< HEAD
  <testcase classname="tests.Test01_GET" name="test03" time="1.593"/>
>>>>>>> ecf88fe52db23be375507939a625a7272a7ffcce
=======
  <testcase classname="tests.Test01_GET" name="test01" time="3.476"/>
>>>>>>> 54cf00c1fc478f4f52970ce30904b7163587f610
  <system-out/>
</testsuite> <!-- tests.Test01_GET -->
