<?xml version="1.0" encoding="UTF-8"?>
<!-- Generated by org.testng.reporters.JUnitReportReporter -->
<testsuite hostname="IN-122P5Y2" failures="0" tests="3" name="tests.Test01_GET" time="4.761" errors="0" timestamp="2022-03-16T13:04:55 IST" skipped="0">
  <testcase classname="tests.Test01_GET" name="test02" time="0.436"/>
  <system-out/>
  <testcase classname="tests.Test01_GET" name="test01" time="2.732"/>
  <system-out/>
  <testcase classname="tests.Test01_GET" name="test03" time="1.593"/>
  <system-out/>
</testsuite> <!-- tests.Test01_GET -->
